2020-03-24 16:14:19.624 [restartedMain] INFO  com.study.StudydemoApplication - Starting StudydemoApplication on DESKTOP-4QN18K6 with PID 1564 (E:\UserProject\studydemo\target\classes started by 12073 in E:\UserProject\studydemo)
2020-03-24 16:14:19.637 [restartedMain] INFO  com.study.StudydemoApplication - No active profile set, falling back to default profiles: default
2020-03-24 16:14:19.723 [restartedMain] INFO  o.s.b.c.e.AnnotationConfigEmbeddedWebApplicationContext - Refreshing org.springframework.boot.context.embedded.AnnotationConfigEmbeddedWebApplicationContext@21c7b454: startup date [Tue Mar 24 16:14:19 CST 2020]; root of context hierarchy
2020-03-24 16:14:19.724 [background-preinit] INFO  o.h.validator.internal.util.Version - HV000001: Hibernate Validator 5.3.6.Final
2020-03-24 16:14:29.068 [restartedMain] WARN  o.m.s.mapper.ClassPathMapperScanner - No MyBatis mapper was found in '[com.study.mapper.administration]' package. Please check your configuration.
2020-03-24 16:14:29.069 [restartedMain] WARN  o.m.s.mapper.ClassPathMapperScanner - No MyBatis mapper was found in '[com.study.mapper.business]' package. Please check your configuration.
2020-03-24 16:14:29.212 [restartedMain] WARN  o.m.s.mapper.ClassPathMapperScanner - No MyBatis mapper was found in '[com.study]' package. Please check your configuration.
2020-03-24 16:14:30.474 [restartedMain] INFO  o.s.c.s.PostProcessorRegistrationDelegate$BeanPostProcessorChecker - Bean 'org.springframework.transaction.annotation.ProxyTransactionManagementConfiguration' of type [org.springframework.transaction.annotation.ProxyTransactionManagementConfiguration$$EnhancerBySpringCGLIB$$79babb77] is not eligible for getting processed by all BeanPostProcessors (for example: not eligible for auto-proxying)
2020-03-24 16:14:32.347 [restartedMain] INFO  org.xnio - XNIO version 3.3.8.Final
2020-03-24 16:14:32.368 [restartedMain] INFO  org.xnio.nio - XNIO NIO Implementation Version 3.3.8.Final
2020-03-24 16:14:32.753 [restartedMain] WARN  io.undertow.websockets.jsr - UT026009: XNIO worker was not set on WebSocketDeploymentInfo, the default worker will be used
2020-03-24 16:14:32.753 [restartedMain] WARN  io.undertow.websockets.jsr - UT026010: Buffer pool was not set on WebSocketDeploymentInfo, the default pool will be used
2020-03-24 16:14:32.781 [restartedMain] INFO  io.undertow.servlet - Initializing Spring embedded WebApplicationContext
2020-03-24 16:14:32.781 [restartedMain] INFO  o.s.web.context.ContextLoader - Root WebApplicationContext: initialization completed in 13058 ms
2020-03-24 16:14:32.974 [restartedMain] INFO  o.s.b.w.servlet.ServletRegistrationBean - Mapping servlet: 'dispatcherServlet' to [/]
2020-03-24 16:14:32.980 [restartedMain] INFO  o.s.b.w.servlet.FilterRegistrationBean - Mapping filter: 'characterEncodingFilter' to: [/*]
2020-03-24 16:14:32.981 [restartedMain] INFO  o.s.b.w.servlet.FilterRegistrationBean - Mapping filter: 'hiddenHttpMethodFilter' to: [/*]
2020-03-24 16:14:32.982 [restartedMain] INFO  o.s.b.w.servlet.FilterRegistrationBean - Mapping filter: 'httpPutFormContentFilter' to: [/*]
2020-03-24 16:14:32.982 [restartedMain] INFO  o.s.b.w.servlet.FilterRegistrationBean - Mapping filter: 'requestContextFilter' to: [/*]
2020-03-24 16:14:33.745 [restartedMain] INFO  o.s.w.s.m.m.a.RequestMappingHandlerMapping - Mapped "{[/test/hello],methods=[GET]}" onto public java.lang.String com.study.controller.TestController.hello()
2020-03-24 16:14:33.748 [restartedMain] INFO  o.s.w.s.m.m.a.RequestMappingHandlerMapping - Mapped "{[/test/user],methods=[GET]}" onto public java.lang.String com.study.controller.TestController.testGet(java.lang.String,java.lang.String)
2020-03-24 16:14:33.748 [restartedMain] INFO  o.s.w.s.m.m.a.RequestMappingHandlerMapping - Mapped "{[/test/user],methods=[POST]}" onto public com.study.entity.User com.study.controller.TestController.testPost(com.study.entity.User)
2020-03-24 16:14:33.749 [restartedMain] INFO  o.s.w.s.m.m.a.RequestMappingHandlerMapping - Mapped "{[/v2/api-docs],methods=[GET],produces=[application/json || application/hal+json]}" onto public org.springframework.http.ResponseEntity<springfox.documentation.spring.web.json.Json> springfox.documentation.swagger2.web.Swagger2Controller.getDocumentation(java.lang.String,javax.servlet.http.HttpServletRequest)
2020-03-24 16:14:33.752 [restartedMain] INFO  o.s.w.s.m.m.a.RequestMappingHandlerMapping - Mapped "{[/swagger-resources/configuration/security]}" onto org.springframework.http.ResponseEntity<springfox.documentation.swagger.web.SecurityConfiguration> springfox.documentation.swagger.web.ApiResourceController.securityConfiguration()
2020-03-24 16:14:33.753 [restartedMain] INFO  o.s.w.s.m.m.a.RequestMappingHandlerMapping - Mapped "{[/swagger-resources]}" onto org.springframework.http.ResponseEntity<java.util.List<springfox.documentation.swagger.web.SwaggerResource>> springfox.documentation.swagger.web.ApiResourceController.swaggerResources()
2020-03-24 16:14:33.753 [restartedMain] INFO  o.s.w.s.m.m.a.RequestMappingHandlerMapping - Mapped "{[/swagger-resources/configuration/ui]}" onto org.springframework.http.ResponseEntity<springfox.documentation.swagger.web.UiConfiguration> springfox.documentation.swagger.web.ApiResourceController.uiConfiguration()
2020-03-24 16:14:33.756 [restartedMain] INFO  o.s.w.s.m.m.a.RequestMappingHandlerMapping - Mapped "{[/error]}" onto public org.springframework.http.ResponseEntity<java.util.Map<java.lang.String, java.lang.Object>> org.springframework.boot.autoconfigure.web.BasicErrorController.error(javax.servlet.http.HttpServletRequest)
2020-03-24 16:14:33.756 [restartedMain] INFO  o.s.w.s.m.m.a.RequestMappingHandlerMapping - Mapped "{[/error],produces=[text/html]}" onto public org.springframework.web.servlet.ModelAndView org.springframework.boot.autoconfigure.web.BasicErrorController.errorHtml(javax.servlet.http.HttpServletRequest,javax.servlet.http.HttpServletResponse)
2020-03-24 16:14:34.036 [restartedMain] INFO  com.zaxxer.hikari.HikariDataSource - ZTWEB_HIKARI - Starting...
2020-03-24 16:14:34.218 [restartedMain] INFO  com.zaxxer.hikari.pool.PoolBase - ZTWEB_HIKARI - Driver does not support get/set network timeout for connections. (oracle.jdbc.driver.T4CConnection.getNetworkTimeout()I)
2020-03-24 16:14:34.261 [restartedMain] INFO  com.zaxxer.hikari.HikariDataSource - ZTWEB_HIKARI - Start completed.
2020-03-24 16:14:34.320 [restartedMain] INFO  com.zaxxer.hikari.HikariDataSource - LCYW_HIKARI - Starting...
2020-03-24 16:14:34.354 [restartedMain] INFO  com.zaxxer.hikari.pool.PoolBase - LCYW_HIKARI - Driver does not support get/set network timeout for connections. (oracle.jdbc.driver.T4CConnection.getNetworkTimeout()I)
2020-03-24 16:14:34.356 [restartedMain] INFO  com.zaxxer.hikari.HikariDataSource - LCYW_HIKARI - Start completed.
2020-03-24 16:14:34.953 [restartedMain] INFO  o.s.w.s.m.m.a.RequestMappingHandlerAdapter - Looking for @ControllerAdvice: org.springframework.boot.context.embedded.AnnotationConfigEmbeddedWebApplicationContext@21c7b454: startup date [Tue Mar 24 16:14:19 CST 2020]; root of context hierarchy
2020-03-24 16:14:35.054 [restartedMain] INFO  o.s.w.s.handler.SimpleUrlHandlerMapping - Mapped URL path [/webjars/**] onto handler of type [class org.springframework.web.servlet.resource.ResourceHttpRequestHandler]
2020-03-24 16:14:35.055 [restartedMain] INFO  o.s.w.s.handler.SimpleUrlHandlerMapping - Mapped URL path [/**] onto handler of type [class org.springframework.web.servlet.resource.ResourceHttpRequestHandler]
2020-03-24 16:14:35.121 [restartedMain] INFO  o.s.w.s.handler.SimpleUrlHandlerMapping - Mapped URL path [/**/favicon.ico] onto handler of type [class org.springframework.web.servlet.resource.ResourceHttpRequestHandler]
2020-03-24 16:14:35.874 [restartedMain] INFO  o.s.b.d.a.OptionalLiveReloadServer - LiveReload server is running on port 35729
2020-03-24 16:14:36.065 [restartedMain] INFO  o.s.j.e.a.AnnotationMBeanExporter - Registering beans for JMX exposure on startup
2020-03-24 16:14:36.067 [restartedMain] INFO  o.s.j.e.a.AnnotationMBeanExporter - Bean with name 'secondaryDataSource' has been autodetected for JMX exposure
2020-03-24 16:14:36.067 [restartedMain] INFO  o.s.j.e.a.AnnotationMBeanExporter - Bean with name 'primaryDataSource' has been autodetected for JMX exposure
2020-03-24 16:14:36.074 [restartedMain] INFO  o.s.j.e.a.AnnotationMBeanExporter - Located MBean 'primaryDataSource': registering with JMX server as MBean [com.zaxxer.hikari:name=primaryDataSource,type=HikariDataSource]
2020-03-24 16:14:36.075 [restartedMain] INFO  o.s.j.e.a.AnnotationMBeanExporter - Located MBean 'secondaryDataSource': registering with JMX server as MBean [com.zaxxer.hikari:name=secondaryDataSource,type=HikariDataSource]
2020-03-24 16:14:36.079 [restartedMain] INFO  o.s.c.support.DefaultLifecycleProcessor - Starting beans in phase 2147483647
2020-03-24 16:14:36.079 [restartedMain] INFO  s.d.s.w.p.DocumentationPluginsBootstrapper - Context refreshed
2020-03-24 16:14:36.100 [restartedMain] INFO  s.d.s.w.p.DocumentationPluginsBootstrapper - Found 1 custom documentation plugin(s)
2020-03-24 16:14:36.117 [restartedMain] INFO  s.d.s.w.s.ApiListingReferenceScanner - Scanning for api listing references
2020-03-24 16:14:36.859 [restartedMain] INFO  o.s.b.c.e.u.UndertowEmbeddedServletContainer - Undertow started on port(s) 9999 (http)
2020-03-24 16:14:36.869 [restartedMain] INFO  com.study.StudydemoApplication - Started StudydemoApplication in 17.585 seconds (JVM running for 21.426)
2020-03-24 16:32:22.140 [restartedMain] INFO  com.study.StudydemoApplication - Starting StudydemoApplication on DESKTOP-4QN18K6 with PID 19872 (E:\UserProject\studydemo\target\classes started by 12073 in E:\UserProject\studydemo)
2020-03-24 16:32:22.144 [restartedMain] INFO  com.study.StudydemoApplication - No active profile set, falling back to default profiles: default
2020-03-24 16:32:22.213 [restartedMain] INFO  o.s.b.c.e.AnnotationConfigEmbeddedWebApplicationContext - Refreshing org.springframework.boot.context.embedded.AnnotationConfigEmbeddedWebApplicationContext@44fb96b: startup date [Tue Mar 24 16:32:22 CST 2020]; root of context hierarchy
2020-03-24 16:32:22.245 [background-preinit] INFO  o.h.validator.internal.util.Version - HV000001: Hibernate Validator 5.3.6.Final
2020-03-24 16:32:23.481 [restartedMain] WARN  o.m.s.mapper.ClassPathMapperScanner - No MyBatis mapper was found in '[com.study.mapper.administration]' package. Please check your configuration.
2020-03-24 16:32:23.483 [restartedMain] WARN  o.m.s.mapper.ClassPathMapperScanner - No MyBatis mapper was found in '[com.study.mapper.business]' package. Please check your configuration.
2020-03-24 16:32:23.637 [restartedMain] WARN  o.m.s.mapper.ClassPathMapperScanner - No MyBatis mapper was found in '[com.study]' package. Please check your configuration.
2020-03-24 16:32:24.010 [restartedMain] INFO  o.s.c.s.PostProcessorRegistrationDelegate$BeanPostProcessorChecker - Bean 'org.springframework.transaction.annotation.ProxyTransactionManagementConfiguration' of type [org.springframework.transaction.annotation.ProxyTransactionManagementConfiguration$$EnhancerBySpringCGLIB$$1965cc31] is not eligible for getting processed by all BeanPostProcessors (for example: not eligible for auto-proxying)
2020-03-24 16:32:24.887 [restartedMain] INFO  org.xnio - XNIO version 3.3.8.Final
2020-03-24 16:32:24.900 [restartedMain] INFO  org.xnio.nio - XNIO NIO Implementation Version 3.3.8.Final
2020-03-24 16:32:25.201 [restartedMain] WARN  io.undertow.websockets.jsr - UT026009: XNIO worker was not set on WebSocketDeploymentInfo, the default worker will be used
2020-03-24 16:32:25.202 [restartedMain] WARN  io.undertow.websockets.jsr - UT026010: Buffer pool was not set on WebSocketDeploymentInfo, the default pool will be used
2020-03-24 16:32:25.222 [restartedMain] INFO  io.undertow.servlet - Initializing Spring embedded WebApplicationContext
2020-03-24 16:32:25.223 [restartedMain] INFO  o.s.web.context.ContextLoader - Root WebApplicationContext: initialization completed in 3010 ms
2020-03-24 16:32:25.368 [restartedMain] INFO  o.s.b.w.servlet.ServletRegistrationBean - Mapping servlet: 'dispatcherServlet' to [/]
2020-03-24 16:32:25.415 [restartedMain] INFO  o.s.b.w.servlet.FilterRegistrationBean - Mapping filter: 'characterEncodingFilter' to: [/*]
2020-03-24 16:32:25.417 [restartedMain] INFO  o.s.b.w.servlet.FilterRegistrationBean - Mapping filter: 'hiddenHttpMethodFilter' to: [/*]
2020-03-24 16:32:25.418 [restartedMain] INFO  o.s.b.w.servlet.FilterRegistrationBean - Mapping filter: 'httpPutFormContentFilter' to: [/*]
2020-03-24 16:32:25.418 [restartedMain] INFO  o.s.b.w.servlet.FilterRegistrationBean - Mapping filter: 'requestContextFilter' to: [/*]
2020-03-24 16:32:26.003 [restartedMain] INFO  o.s.w.s.m.m.a.RequestMappingHandlerMapping - Mapped "{[/test/user],methods=[GET]}" onto public java.lang.String com.study.controller.TestController.testGet(java.lang.String,java.lang.String)
2020-03-24 16:32:26.004 [restartedMain] INFO  o.s.w.s.m.m.a.RequestMappingHandlerMapping - Mapped "{[/test/hello],methods=[GET]}" onto public java.lang.String com.study.controller.TestController.hello()
2020-03-24 16:32:26.004 [restartedMain] INFO  o.s.w.s.m.m.a.RequestMappingHandlerMapping - Mapped "{[/test/user],methods=[POST]}" onto public com.study.entity.User com.study.controller.TestController.testPost(com.study.entity.User)
2020-03-24 16:32:26.005 [restartedMain] INFO  o.s.w.s.m.m.a.RequestMappingHandlerMapping - Mapped "{[/v2/api-docs],methods=[GET],produces=[application/json || application/hal+json]}" onto public org.springframework.http.ResponseEntity<springfox.documentation.spring.web.json.Json> springfox.documentation.swagger2.web.Swagger2Controller.getDocumentation(java.lang.String,javax.servlet.http.HttpServletRequest)
2020-03-24 16:32:26.007 [restartedMain] INFO  o.s.w.s.m.m.a.RequestMappingHandlerMapping - Mapped "{[/swagger-resources/configuration/security]}" onto org.springframework.http.ResponseEntity<springfox.documentation.swagger.web.SecurityConfiguration> springfox.documentation.swagger.web.ApiResourceController.securityConfiguration()
2020-03-24 16:32:26.008 [restartedMain] INFO  o.s.w.s.m.m.a.RequestMappingHandlerMapping - Mapped "{[/swagger-resources/configuration/ui]}" onto org.springframework.http.ResponseEntity<springfox.documentation.swagger.web.UiConfiguration> springfox.documentation.swagger.web.ApiResourceController.uiConfiguration()
2020-03-24 16:32:26.008 [restartedMain] INFO  o.s.w.s.m.m.a.RequestMappingHandlerMapping - Mapped "{[/swagger-resources]}" onto org.springframework.http.ResponseEntity<java.util.List<springfox.documentation.swagger.web.SwaggerResource>> springfox.documentation.swagger.web.ApiResourceController.swaggerResources()
2020-03-24 16:32:26.010 [restartedMain] INFO  o.s.w.s.m.m.a.RequestMappingHandlerMapping - Mapped "{[/error]}" onto public org.springframework.http.ResponseEntity<java.util.Map<java.lang.String, java.lang.Object>> org.springframework.boot.autoconfigure.web.BasicErrorController.error(javax.servlet.http.HttpServletRequest)
2020-03-24 16:32:26.011 [restartedMain] INFO  o.s.w.s.m.m.a.RequestMappingHandlerMapping - Mapped "{[/error],produces=[text/html]}" onto public org.springframework.web.servlet.ModelAndView org.springframework.boot.autoconfigure.web.BasicErrorController.errorHtml(javax.servlet.http.HttpServletRequest,javax.servlet.http.HttpServletResponse)
2020-03-24 16:32:26.198 [restartedMain] INFO  com.zaxxer.hikari.HikariDataSource - ZTWEB_HIKARI - Starting...
2020-03-24 16:32:26.317 [restartedMain] INFO  com.zaxxer.hikari.pool.PoolBase - ZTWEB_HIKARI - Driver does not support get/set network timeout for connections. (oracle.jdbc.driver.T4CConnection.getNetworkTimeout()I)
2020-03-24 16:32:26.349 [restartedMain] INFO  com.zaxxer.hikari.HikariDataSource - ZTWEB_HIKARI - Start completed.
2020-03-24 16:32:26.389 [restartedMain] INFO  com.zaxxer.hikari.HikariDataSource - LCYW_HIKARI - Starting...
2020-03-24 16:32:26.438 [restartedMain] INFO  com.zaxxer.hikari.pool.PoolBase - LCYW_HIKARI - Driver does not support get/set network timeout for connections. (oracle.jdbc.driver.T4CConnection.getNetworkTimeout()I)
2020-03-24 16:32:26.440 [restartedMain] INFO  com.zaxxer.hikari.HikariDataSource - LCYW_HIKARI - Start completed.
2020-03-24 16:32:26.846 [restartedMain] INFO  o.s.w.s.m.m.a.RequestMappingHandlerAdapter - Looking for @ControllerAdvice: org.springframework.boot.context.embedded.AnnotationConfigEmbeddedWebApplicationContext@44fb96b: startup date [Tue Mar 24 16:32:22 CST 2020]; root of context hierarchy
2020-03-24 16:32:26.910 [restartedMain] INFO  o.s.w.s.handler.SimpleUrlHandlerMapping - Mapped URL path [/webjars/**] onto handler of type [class org.springframework.web.servlet.resource.ResourceHttpRequestHandler]
2020-03-24 16:32:26.911 [restartedMain] INFO  o.s.w.s.handler.SimpleUrlHandlerMapping - Mapped URL path [/**] onto handler of type [class org.springframework.web.servlet.resource.ResourceHttpRequestHandler]
2020-03-24 16:32:26.955 [restartedMain] INFO  o.s.w.s.handler.SimpleUrlHandlerMapping - Mapped URL path [/**/favicon.ico] onto handler of type [class org.springframework.web.servlet.resource.ResourceHttpRequestHandler]
2020-03-24 16:32:27.437 [restartedMain] INFO  o.s.b.d.a.OptionalLiveReloadServer - LiveReload server is running on port 35729
2020-03-24 16:32:27.565 [restartedMain] INFO  o.s.j.e.a.AnnotationMBeanExporter - Registering beans for JMX exposure on startup
2020-03-24 16:32:27.566 [restartedMain] INFO  o.s.j.e.a.AnnotationMBeanExporter - Bean with name 'secondaryDataSource' has been autodetected for JMX exposure
2020-03-24 16:32:27.567 [restartedMain] INFO  o.s.j.e.a.AnnotationMBeanExporter - Bean with name 'primaryDataSource' has been autodetected for JMX exposure
2020-03-24 16:32:27.572 [restartedMain] INFO  o.s.j.e.a.AnnotationMBeanExporter - Located MBean 'primaryDataSource': registering with JMX server as MBean [com.zaxxer.hikari:name=primaryDataSource,type=HikariDataSource]
2020-03-24 16:32:27.573 [restartedMain] INFO  o.s.j.e.a.AnnotationMBeanExporter - Located MBean 'secondaryDataSource': registering with JMX server as MBean [com.zaxxer.hikari:name=secondaryDataSource,type=HikariDataSource]
2020-03-24 16:32:27.575 [restartedMain] INFO  o.s.c.support.DefaultLifecycleProcessor - Starting beans in phase 2147483647
2020-03-24 16:32:27.575 [restartedMain] INFO  s.d.s.w.p.DocumentationPluginsBootstrapper - Context refreshed
2020-03-24 16:32:27.588 [restartedMain] INFO  s.d.s.w.p.DocumentationPluginsBootstrapper - Found 1 custom documentation plugin(s)
2020-03-24 16:32:27.600 [restartedMain] INFO  s.d.s.w.s.ApiListingReferenceScanner - Scanning for api listing references
2020-03-24 16:32:28.072 [restartedMain] INFO  o.s.b.c.e.u.UndertowEmbeddedServletContainer - Undertow started on port(s) 9999 (http)
2020-03-24 16:32:28.078 [restartedMain] INFO  com.study.StudydemoApplication - Started StudydemoApplication in 6.221 seconds (JVM running for 7.172)
2020-03-24 16:32:50.309 [XNIO-3 task-1] INFO  io.undertow.servlet - Initializing Spring FrameworkServlet 'dispatcherServlet'
2020-03-24 16:32:50.309 [XNIO-3 task-1] INFO  o.s.web.servlet.DispatcherServlet - FrameworkServlet 'dispatcherServlet': initialization started
2020-03-24 16:32:50.327 [XNIO-3 task-1] INFO  o.s.web.servlet.DispatcherServlet - FrameworkServlet 'dispatcherServlet': initialization completed in 18 ms
2020-03-24 16:32:51.179 [XNIO-3 task-1] INFO  com.study.aop.WebLogAspect - ========================================== Start ==========================================
2020-03-24 16:32:51.180 [XNIO-3 task-1] INFO  com.study.aop.WebLogAspect - URL            : http://127.0.0.1:9999/test/hello
2020-03-24 16:32:51.180 [XNIO-3 task-1] INFO  com.study.aop.WebLogAspect - HTTP Method    : GET
2020-03-24 16:32:51.182 [XNIO-3 task-1] INFO  com.study.aop.WebLogAspect - Class Method   : com.study.controller.TestController.hello
2020-03-24 16:32:51.183 [XNIO-3 task-1] INFO  com.study.aop.WebLogAspect - IP             : 127.0.0.1
2020-03-24 16:32:51.186 [XNIO-3 task-1] INFO  com.study.aop.WebLogAspect - Request Args   : []
2020-03-24 16:32:51.189 [XNIO-3 task-1] INFO  com.study.aop.WebLogAspect - Response Args  : "这是第一个程序,Hello,Kitty。。555554445577！"
2020-03-24 16:32:51.190 [XNIO-3 task-1] INFO  com.study.aop.WebLogAspect - Time-Consuming : 11 ms
2020-03-24 16:32:51.190 [XNIO-3 task-1] INFO  com.study.aop.WebLogAspect - =========================================== End ===========================================
2020-03-24 16:32:51.190 [XNIO-3 task-1] INFO  com.study.aop.WebLogAspect - 
2020-03-24 16:38:05.033 [XNIO-3 task-3] INFO  com.study.aop.WebLogAspect - ========================================== Start ==========================================
2020-03-24 16:38:05.034 [XNIO-3 task-3] INFO  com.study.aop.WebLogAspect - URL            : http://192.168.159.1:9999/test/hello
2020-03-24 16:38:05.034 [XNIO-3 task-3] INFO  com.study.aop.WebLogAspect - HTTP Method    : GET
2020-03-24 16:38:05.034 [XNIO-3 task-3] INFO  com.study.aop.WebLogAspect - Class Method   : com.study.controller.TestController.hello
2020-03-24 16:38:05.034 [XNIO-3 task-3] INFO  com.study.aop.WebLogAspect - IP             : 192.168.159.1
2020-03-24 16:38:05.035 [XNIO-3 task-3] INFO  com.study.aop.WebLogAspect - Request Args   : []
2020-03-24 16:38:05.035 [XNIO-3 task-3] INFO  com.study.aop.WebLogAspect - Response Args  : "这是第一个程序,Hello,Kitty。。555554445577！"
2020-03-24 16:38:05.035 [XNIO-3 task-3] INFO  com.study.aop.WebLogAspect - Time-Consuming : 2 ms
2020-03-24 16:38:05.035 [XNIO-3 task-3] INFO  com.study.aop.WebLogAspect - =========================================== End ===========================================
2020-03-24 16:38:05.035 [XNIO-3 task-3] INFO  com.study.aop.WebLogAspect - 
